0 info it worked if it ends with ok
1 verbose cli [ '/usr/local/Cellar/node/5.3.0/bin/node',
1 verbose cli   '/usr/local/bin/npm',
1 verbose cli   'start' ]
2 info using npm@3.3.12
3 info using node@v5.3.0
4 verbose run-script [ 'prestart', 'start', 'poststart' ]
5 info lifecycle archweb-jp@0.0.0~prestart: archweb-jp@0.0.0
6 silly lifecycle archweb-jp@0.0.0~prestart: no script for prestart, continuing
7 info lifecycle archweb-jp@0.0.0~start: archweb-jp@0.0.0
8 verbose lifecycle archweb-jp@0.0.0~start: unsafe-perm in lifecycle true
9 verbose lifecycle archweb-jp@0.0.0~start: PATH: /usr/local/lib/node_modules/npm/bin/node-gyp-bin:/Users/syui/git/archweb-test/node_modules/.bin:/Users/syui/.gvm/bin:/Users/syui/.rvm/gems/ruby-2.2.3/bin:/Users/syui/.rvm/gems/ruby-2.2.3@global/bin:/Users/syui/.rvm/rubies/ruby-2.2.3/bin:/usr/local/share/npm/bin:/usr/local/mysql/bin:/Users/syui/dev/Tools/apache-maven-2.2.1/bin:/Users/syui/dev/Tools/apache-ant-1.8.0/bin:/Users/ozaki/.svm/current/rt/bin:/Users/ozaki/Library/Haskell/bin:/opt/local/bin:/opt/local/sbin:/Users/syui/bin:/usr/local/bin:/usr/local/sbin:/usr/local/bin:/usr/local/bin:/usr/bin:/bin:/usr/sbin:/sbin:/Users/syui/.rvm/bin:/Users/syui/.gem/ruby/2.2.0/bin:/Users/syui/local/bin:/usr/local/git/bin:/Users/syui/dotfiles/bin:/opt/local/bin:/opt/local/sbin:/System/Library/PrivateFrameworks/Apple80211.framework/Versions/A/Resources:/Users/syui/dotfiles/script/download-cli:/Users/syui/go/bin:/Users/syui/.rvm/bin:/Users/syui/.gem/ruby/2.2.0/bin:/Users/syui/local/bin:/usr/local/git/bin:/Users/syui/dotfiles/bin:/sbin:/usr/local/bin:/Users/syui/.rvm/bin:/opt/local/bin:/opt/local/sbin:/System/Library/PrivateFrameworks/Apple80211.framework/Versions/A/Resources:/Users/syui/dotfiles/script/download-cli:/bin:/Users/syui/go/bin:/bin:/Users/syui/go/bin:/Users/syui/dotfiles/script:/Users/syui/dev/Project/sandbox/stax-sdk-0.2.11:/Users/syui/dev/air/bin:/Users/syui/dev/flex/bin:/Users/syui/sandbox/GoogleAppEngine/sdk/1.3.4/google_appengine:/Users/syui/sandbox/GAEJava/sdk/appengine-java-sdk-1.3.7/bin:/Users/syui/dev/go/bin:/Users/syui/sandbox/jruby/jruby-1.5.2/bin:/Users/syui/sandbox/mirah/mirah/bin:/Users/syui/Applications/android-sdk-macosx/tools:/Users/syui/Applications/android-sdk-macosx/platform-tools
10 verbose lifecycle archweb-jp@0.0.0~start: CWD: /Users/syui/git/archweb-test
11 silly lifecycle archweb-jp@0.0.0~start: Args: [ '-c', 'node ./bin/www' ]
12 silly lifecycle archweb-jp@0.0.0~start: Returned: code: 1  signal: null
13 info lifecycle archweb-jp@0.0.0~start: Failed to exec start script
14 verbose stack Error: archweb-jp@0.0.0 start: `node ./bin/www`
14 verbose stack Exit status 1
14 verbose stack     at EventEmitter.<anonymous> (/usr/local/lib/node_modules/npm/lib/utils/lifecycle.js:232:16)
14 verbose stack     at emitTwo (events.js:87:13)
14 verbose stack     at EventEmitter.emit (events.js:172:7)
14 verbose stack     at ChildProcess.<anonymous> (/usr/local/lib/node_modules/npm/lib/utils/spawn.js:24:14)
14 verbose stack     at emitTwo (events.js:87:13)
14 verbose stack     at ChildProcess.emit (events.js:172:7)
14 verbose stack     at maybeClose (internal/child_process.js:818:16)
14 verbose stack     at Process.ChildProcess._handle.onexit (internal/child_process.js:211:5)
15 verbose pkgid archweb-jp@0.0.0
16 verbose cwd /Users/syui/git/archweb-test
17 error Darwin 15.2.0
18 error argv "/usr/local/Cellar/node/5.3.0/bin/node" "/usr/local/bin/npm" "start"
19 error node v5.3.0
20 error npm  v3.3.12
21 error code ELIFECYCLE
22 error archweb-jp@0.0.0 start: `node ./bin/www`
22 error Exit status 1
23 error Failed at the archweb-jp@0.0.0 start script 'node ./bin/www'.
23 error Make sure you have the latest version of node.js and npm installed.
23 error If you do, this is most likely a problem with the archweb-jp package,
23 error not with npm itself.
23 error Tell the author that this fails on your system:
23 error     node ./bin/www
23 error You can get their info via:
23 error     npm owner ls archweb-jp
23 error There is likely additional logging output above.
24 verbose exit [ 1, true ]
